[INFO] [06 08M 2025 12:19] PlaywrightTest :  : Navigating to call center
[INFO] [06 08M 2025 12:19] PlaywrightTest :  : Navigating to call center
[INFO] [06 08M 2025 12:19] PlaywrightTest :  : entered ut1agency2.admin1.ju.functional.e2e@sabre.com and password Pa$$word@2k25
[INFO] [06 08M 2025 12:19] PlaywrightTest :  : login successful
[INFO] [06 08M 2025 12:19] PlaywrightTest :  : Navigating to call center
[INFO] [06 08M 2025 12:19] PlaywrightTest :  : Navigating to call center
[INFO] [06 08M 2025 12:19] PlaywrightTest :  : entered ut1agency2.admin1.ju.functional.e2e@sabre.com and password Pa$$word@2k25
[INFO] [06 08M 2025 12:19] PlaywrightTest :  : login successful
[INFO] [2025-08-06 12:24:08] basetest :  : Navigating to call center
[INFO] [2025-08-06 12:24:10] basetest :  : Navigating to call center
[INFO] [2025-08-06 12:24:16] loginpage :  : entered ut1agency2.admin1.ju.functional.e2e@sabre.com and password Pa$$word@2k25
[INFO] [2025-08-06 12:24:16] loginpage :  : login successful
[INFO] [2025-08-06T06:57:41.463Z] C:\Users\SG0704235\Documents\PlaywrightTypescript\tests\basetest : C:\Users\SG0704235\Documents\PlaywrightTypescript\node_modules\log4js\lib\logger.js:195 : Navigating to call center
[INFO] [2025-08-06T06:57:41.885Z] C:\Users\SG0704235\Documents\PlaywrightTypescript\tests\basetest : C:\Users\SG0704235\Documents\PlaywrightTypescript\node_modules\log4js\lib\logger.js:195 : Navigating to call center
[INFO] [2025-08-06T06:57:47.783Z] C:\Users\SG0704235\Documents\PlaywrightTypescript\pageobjects\loginpage : C:\Users\SG0704235\Documents\PlaywrightTypescript\node_modules\log4js\lib\logger.js:195 : entered ut1agency2.admin1.ju.functional.e2e@sabre.com and password Pa$$word@2k25
[INFO] [2025-08-06T06:57:47.787Z] C:\Users\SG0704235\Documents\PlaywrightTypescript\pageobjects\loginpage : C:\Users\SG0704235\Documents\PlaywrightTypescript\node_modules\log4js\lib\logger.js:195 : login successful
[INFO] [2025-08-06T07:03:46Z] basetest : Navigating to call center (unknown)
[INFO] [2025-08-06T07:03:46Z] basetest : Navigating to call center (unknown)
[INFO] [2025-08-06T07:03:52Z] loginpage : entered ut1agency2.admin1.ju.functional.e2e@sabre.com and password Pa$$word@2k25 (unknown)
[INFO] [2025-08-06T07:03:52Z] loginpage : login successful (unknown)
[32m[INFO][0m [2025-08-06T07:05:24Z] basetest : Navigating to call center (logger.ts:58)
[32m[INFO][0m [2025-08-06T07:05:24Z] basetest : Navigating to call center (logger.ts:58)
[32m[INFO][0m [2025-08-06T07:05:30Z] loginpage : entered ut1agency2.admin1.ju.functional.e2e@sabre.com and password Pa$$word@2k25 (logger.ts:58)
[32m[INFO][0m [2025-08-06T07:05:30Z] loginpage : login successful (logger.ts:58)
[32m[INFO][0m [2025-08-06T07:08:52Z] basetest : Navigating to call center (basetest.ts:44)
[32m[INFO][0m [2025-08-06T07:08:52Z] basetest : Navigating to call center (basetest.ts:44)
[32m[INFO][0m [2025-08-06T07:08:57Z] loginpage : entered ut1agency2.admin1.ju.functional.e2e@sabre.com and password Pa$$word@2k25 (loginpage.ts:30)
[32m[INFO][0m [2025-08-06T07:08:57Z] loginpage : login successful (loginpage.ts:31)
[32m[INFO][0m [90m[2025-08-06T07:11:18Z][0m [34mlogger.ts:62[0m : Navigating to call center
[32m[INFO][0m [90m[2025-08-06T07:11:18Z][0m [34mlogger.ts:62[0m : Navigating to call center
[32m[INFO][0m [90m[2025-08-06T07:11:22Z][0m [34mlogger.ts:62[0m : entered ut1agency2.admin1.ju.functional.e2e@sabre.com and password Pa$$word@2k25
[32m[INFO][0m [90m[2025-08-06T07:11:22Z][0m [34mlogger.ts:62[0m : login successful
[32m[INFO][0m [91m[2025-08-06T07:12:27Z][0m [34mlogger.ts:59[0m : Navigating to call center
[32m[INFO][0m [91m[2025-08-06T07:12:27Z][0m [34mlogger.ts:59[0m : Navigating to call center
[32m[INFO][0m [91m[2025-08-06T07:12:31Z][0m [34mlogger.ts:59[0m : entered ut1agency2.admin1.ju.functional.e2e@sabre.com and password Pa$$word@2k25
[32m[INFO][0m [91m[2025-08-06T07:12:31Z][0m [34mlogger.ts:59[0m : login successful
[32m[INFO][0m [91m[2025-08-06 07:14:16][0m [34mlogger.ts:61[0m : Navigating to call center
[32m[INFO][0m [91m[2025-08-06 07:14:17][0m [34mlogger.ts:61[0m : Navigating to call center
[32m[INFO][0m [91m[2025-08-06 07:14:20][0m [34mlogger.ts:61[0m : entered ut1agency2.admin1.ju.functional.e2e@sabre.com and password Pa$$word@2k25
[32m[INFO][0m [91m[2025-08-06 07:14:20][0m [34mlogger.ts:61[0m : login successful
[32m[INFO][0m [91m[2025-08-06 07:17:22][0m [96mbasetest.ts:39[0m : Navigating to call center
[32m[INFO][0m [91m[2025-08-06 07:17:22][0m [96mbasetest.ts:39[0m : Navigating to call center
[32m[INFO][0m [91m[2025-08-06 07:17:26][0m [96mloginpage.ts:29[0m : entered ut1agency2.admin1.ju.functional.e2e@sabre.com and password Pa$$word@2k25
[32m[INFO][0m [91m[2025-08-06 07:17:26][0m [96mloginpage.ts:30[0m : login successful
[32m[INFO][0m [91m[2025-08-06 07:20:36][0m [96mbasetest.ts:39[0m : Navigating to call center
[32m[INFO][0m [91m[2025-08-06 07:20:37][0m [96mbasetest.ts:39[0m : Navigating to call center
[32m[INFO][0m [91m[2025-08-06 07:20:41][0m [96mloginpage.ts:30[0m : entered ut1agency2.admin1.ju.functional.e2e@sabre.com and password Pa$$word@2k25
[32m[INFO][0m [91m[2025-08-06 07:20:41][0m [96mloginpage.ts:31[0m : login successful
[31m[ERROR][0m [91m[2025-08-06 07:20:41][0m [96mloginpage.ts:32[0m : Login failed
[32m[INFO][0m [35m[2025-08-06 07:23:12][0m [96mbasetest.ts:39[0m : Navigating to call center
[32m[INFO][0m [35m[2025-08-06 07:23:14][0m [96mbasetest.ts:39[0m : Navigating to call center
[32m[INFO][0m [35m[2025-08-06 07:23:19][0m [96mloginpage.ts:30[0m : entered ut1agency2.admin1.ju.functional.e2e@sabre.com and password Pa$$word@2k25
[32m[INFO][0m [35m[2025-08-06 07:23:19][0m [96mloginpage.ts:31[0m : login successful
[31m[ERROR][0m [35m[2025-08-06 07:23:19][0m [96mloginpage.ts:32[0m : Login failed
[32m[INFO][0m [35m[2025-08-06 09:49:28][0m [96mbasetest.ts:39[0m : Navigating to call center
[32m[INFO][0m [35m[2025-08-06 09:49:28][0m [96mbasetest.ts:39[0m : Navigating to call center
[32m[INFO][0m [35m[2025-08-06 09:49:34][0m [96mloginpage.ts:29[0m : entered ut1agency2.admin1.ju.functional.e2e@sabre.com and password Pa$$word@2k25
[32m[INFO][0m [35m[2025-08-06 09:49:34][0m [96mloginpage.ts:30[0m : login successful
[31m[ERROR][0m [35m[2025-08-06 09:49:34][0m [96mloginpage.ts:31[0m : Login failed
[32m[INFO][0m [35m[2025-08-19 07:12:10][0m [96mbasetest.ts:39[0m : Navigating to call center
[32m[INFO][0m [35m[2025-08-19 07:12:10][0m [96mbasetest.ts:39[0m : Navigating to call center
[32m[INFO][0m [35m[2025-08-19 07:12:15][0m [96mloginpage.ts:29[0m : entered ut1agency2.admin1.ju.functional.e2e@sabre.com and password Pa$$word@2k25
[32m[INFO][0m [35m[2025-08-19 07:12:15][0m [96mloginpage.ts:30[0m : login successful
[31m[ERROR][0m [35m[2025-08-19 07:12:15][0m [96mloginpage.ts:31[0m : Login failed
[32m[INFO][0m [35m[2025-09-02 08:24:51][0m [96mshop-json-object.ts:86[0m : passenger object is : [object Object],[object Object],[object Object]
[32m[INFO][0m [35m[2025-09-02 08:24:51][0m [96mshop-json-object.ts:61[0m : shop payload request is : [object Object]
[32m[INFO][0m [35m[2025-09-02 08:42:22][0m [96mshop-json-object.ts:86[0m : passenger object is : [object Object],[object Object],[object Object]
[32m[INFO][0m [35m[2025-09-02 08:42:22][0m [96mshop-json-object.ts:61[0m : shop payload request is : [object Object]
[32m[INFO][0m [35m[2025-09-02 10:42:56][0m [96mshop-json-object.ts:86[0m : passenger object is : [object Object],[object Object],[object Object]
[32m[INFO][0m [35m[2025-09-02 10:44:56][0m [96mshop-json-object.ts:86[0m : passenger object is : [object Object],[object Object],[object Object]
[32m[INFO][0m [35m[2025-09-02 10:46:27][0m [96mshop-json-object.ts:86[0m : passenger object is : [object Object],[object Object],[object Object]
[32m[INFO][0m [35m[2025-09-02 10:46:27][0m [96mshop-json-object.ts:61[0m : shop payload request is : [object Object]
[32m[INFO][0m [35m[2025-09-02 10:47:12][0m [96mshop-json-object.ts:86[0m : passenger object is : [object Object],[object Object],[object Object]
[32m[INFO][0m [35m[2025-09-02 10:47:12][0m [96mshop-json-object.ts:61[0m : shop payload request is : [object Object]
[32m[INFO][0m [35m[2025-09-02 10:47:43][0m [96mshop-json-object.ts:86[0m : passenger object is : [object Object],[object Object],[object Object]
[32m[INFO][0m [35m[2025-09-02 10:47:43][0m [96mshop-json-object.ts:61[0m : shop payload request is : [object Object]
[32m[INFO][0m [35m[2025-09-02 10:49:17][0m [96mshop-json-object.ts:86[0m : passenger object is : [object Object],[object Object],[object Object]
[32m[INFO][0m [35m[2025-09-02 10:49:17][0m [96mshop-json-object.ts:61[0m : shop payload request is : {"request":{"origin_destinations_criteria":[{"origin_departure_criteria":{"date":{"month":9,"year":2025,"day":10},"airportCode":"SYD"},"destination_arrival_criteria":{"airportCode":"BNE"}}],"passengers":[{"passenger_type_code":"ADT","id":"PAX1"},{"passenger_type_code":"ADT","id":"PAX2"},{"passenger_type_code":"CNN","id":"PAX3"}],"requestType":"ADVCAL30","offer_criteria":{"program":{"programAccountIds":[]}},"currency":"EUR"},"sender":{"enabled_system":{"name":"POS"},"marketing_carrier":{"airline_designator_code":"VA"}},"point_of_sale":{"country":{"code":"CA"},"city":{"code":"ORD"},"channel":"STANDARD"}}
[32m[INFO][0m [35m[2025-09-02 10:58:25][0m unknown : [33mpassenger object is : [object Object],[object Object],[object Object][0m 
[32m[INFO][0m [35m[2025-09-02 10:58:25][0m unknown : [33mshop payload request is : {"request":{"origin_destinations_criteria":[{"origin_departure_criteria":{"date":{"month":9,"year":2025,"day":10},"airportCode":"SYD"},"destination_arrival_criteria":{"airportCode":"BNE"}}],"passengers":[{"passenger_type_code":"ADT","id":"PAX1"},{"passenger_type_code":"ADT","id":"PAX2"},{"passenger_type_code":"CNN","id":"PAX3"}],"requestType":"ADVCAL30","offer_criteria":{"program":{"programAccountIds":[]}},"currency":"EUR"},"sender":{"enabled_system":{"name":"POS"},"marketing_carrier":{"airline_designator_code":"VA"}},"point_of_sale":{"country":{"code":"CA"},"city":{"code":"ORD"},"channel":"STANDARD"}}[0m 
[32m[INFO][0m [35m[2025-09-02 11:01:46][0m [96mshop-json-object.ts:86[0m : [33mpassenger object is : [object Object],[object Object],[object Object][0m 
[32m[INFO][0m [35m[2025-09-02 11:01:46][0m [96mshop-json-object.ts:61[0m : [33mshop payload request is : {"request":{"origin_destinations_criteria":[{"origin_departure_criteria":{"date":{"month":9,"year":2025,"day":10},"airportCode":"SYD"},"destination_arrival_criteria":{"airportCode":"BNE"}}],"passengers":[{"passenger_type_code":"ADT","id":"PAX1"},{"passenger_type_code":"ADT","id":"PAX2"},{"passenger_type_code":"CNN","id":"PAX3"}],"requestType":"ADVCAL30","offer_criteria":{"program":{"programAccountIds":[]}},"currency":"EUR"},"sender":{"enabled_system":{"name":"POS"},"marketing_carrier":{"airline_designator_code":"VA"}},"point_of_sale":{"country":{"code":"CA"},"city":{"code":"ORD"},"channel":"STANDARD"}}[0m 
[32m[INFO][0m [35m[2025-09-02 11:04:32][0m [96mshop-json-object.ts:86[0m : [33mpassenger object is : [object Object],[object Object],[object Object][0m 
[32m[INFO][0m [35m[2025-09-02 11:04:32][0m [96mshop-json-object.ts:61[0m : [33mshop payload request is : [0m [36m{"request":{"origin_destinations_criteria":[{"origin_departure_criteria":{"date":{"month":9,"year":2025,"day":10},"airportCode":"SYD"},"destination_arrival_criteria":{"airportCode":"BNE"}}],"passengers":[{"passenger_type_code":"ADT","id":"PAX1"},{"passenger_type_code":"ADT","id":"PAX2"},{"passenger_type_code":"CNN","id":"PAX3"}],"requestType":"ADVCAL30","offer_criteria":{"program":{"programAccountIds":[]}},"currency":"EUR"},"sender":{"enabled_system":{"name":"POS"},"marketing_carrier":{"airline_designator_code":"VA"}},"point_of_sale":{"country":{"code":"CA"},"city":{"code":"ORD"},"channel":"STANDARD"}}[0m
[32m[INFO][0m [35m[2025-09-02 11:05:59][0m [96mshop-json-object.ts:86[0m : [33mpassenger object is : [object Object],[object Object],[object Object][0m 
[32m[INFO][0m [35m[2025-09-02 11:05:59][0m [96mshop-json-object.ts:61[0m : [33mshop payload request is : [0m [38;5;208m{"request":{"origin_destinations_criteria":[{"origin_departure_criteria":{"date":{"month":9,"year":2025,"day":10},"airportCode":"SYD"},"destination_arrival_criteria":{"airportCode":"BNE"}}],"passengers":[{"passenger_type_code":"ADT","id":"PAX1"},{"passenger_type_code":"ADT","id":"PAX2"},{"passenger_type_code":"CNN","id":"PAX3"}],"requestType":"ADVCAL30","offer_criteria":{"program":{"programAccountIds":[]}},"currency":"EUR"},"sender":{"enabled_system":{"name":"POS"},"marketing_carrier":{"airline_designator_code":"VA"}},"point_of_sale":{"country":{"code":"CA"},"city":{"code":"ORD"},"channel":"STANDARD"}}[0m
[32m[INFO][0m [35m[2025-09-02 11:07:35][0m [96mshop-json-object.ts:86[0m : [33mpassenger object is : [object Object],[object Object],[object Object][0m 
[32m[INFO][0m [35m[2025-09-02 11:07:35][0m [96mshop-json-object.ts:61[0m : [33mshop payload request is : [0m [38;5;201m{"request":{"origin_destinations_criteria":[{"origin_departure_criteria":{"date":{"month":9,"year":2025,"day":10},"airportCode":"SYD"},"destination_arrival_criteria":{"airportCode":"BNE"}}],"passengers":[{"passenger_type_code":"ADT","id":"PAX1"},{"passenger_type_code":"ADT","id":"PAX2"},{"passenger_type_code":"CNN","id":"PAX3"}],"requestType":"ADVCAL30","offer_criteria":{"program":{"programAccountIds":[]}},"currency":"EUR"},"sender":{"enabled_system":{"name":"POS"},"marketing_carrier":{"airline_designator_code":"VA"}},"point_of_sale":{"country":{"code":"CA"},"city":{"code":"ORD"},"channel":"STANDARD"}}[0m
[32m[INFO][0m [35m[2025-09-02 11:08:19][0m [96mshop-json-object.ts:86[0m : [33mpassenger object is : [object Object],[object Object],[object Object][0m 
[32m[INFO][0m [35m[2025-09-02 11:08:19][0m [96mshop-json-object.ts:61[0m : [33mshop payload request is : [0m [38;5;218m{"request":{"origin_destinations_criteria":[{"origin_departure_criteria":{"date":{"month":9,"year":2025,"day":10},"airportCode":"SYD"},"destination_arrival_criteria":{"airportCode":"BNE"}}],"passengers":[{"passenger_type_code":"ADT","id":"PAX1"},{"passenger_type_code":"ADT","id":"PAX2"},{"passenger_type_code":"CNN","id":"PAX3"}],"requestType":"ADVCAL30","offer_criteria":{"program":{"programAccountIds":[]}},"currency":"EUR"},"sender":{"enabled_system":{"name":"POS"},"marketing_carrier":{"airline_designator_code":"VA"}},"point_of_sale":{"country":{"code":"CA"},"city":{"code":"ORD"},"channel":"STANDARD"}}[0m
[32m[INFO][0m [35m[2025-09-02 11:08:55][0m [96mshop-json-object.ts:86[0m : [33mpassenger object is : [object Object],[object Object],[object Object][0m 
[32m[INFO][0m [35m[2025-09-02 11:08:55][0m [96mshop-json-object.ts:61[0m : [33mshop payload request is : [0m [38;5;141m{"request":{"origin_destinations_criteria":[{"origin_departure_criteria":{"date":{"month":9,"year":2025,"day":10},"airportCode":"SYD"},"destination_arrival_criteria":{"airportCode":"BNE"}}],"passengers":[{"passenger_type_code":"ADT","id":"PAX1"},{"passenger_type_code":"ADT","id":"PAX2"},{"passenger_type_code":"CNN","id":"PAX3"}],"requestType":"ADVCAL30","offer_criteria":{"program":{"programAccountIds":[]}},"currency":"EUR"},"sender":{"enabled_system":{"name":"POS"},"marketing_carrier":{"airline_designator_code":"VA"}},"point_of_sale":{"country":{"code":"CA"},"city":{"code":"ORD"},"channel":"STANDARD"}}[0m
[32m[INFO][0m [35m[2025-09-02 11:09:42][0m [96mshop-json-object.ts:86[0m : [30mpassenger object is : [object Object],[object Object],[object Object][0m 
[32m[INFO][0m [35m[2025-09-02 11:09:42][0m [96mshop-json-object.ts:61[0m : [30mshop payload request is : [0m [38;5;141m{"request":{"origin_destinations_criteria":[{"origin_departure_criteria":{"date":{"month":9,"year":2025,"day":10},"airportCode":"SYD"},"destination_arrival_criteria":{"airportCode":"BNE"}}],"passengers":[{"passenger_type_code":"ADT","id":"PAX1"},{"passenger_type_code":"ADT","id":"PAX2"},{"passenger_type_code":"CNN","id":"PAX3"}],"requestType":"ADVCAL30","offer_criteria":{"program":{"programAccountIds":[]}},"currency":"EUR"},"sender":{"enabled_system":{"name":"POS"},"marketing_carrier":{"airline_designator_code":"VA"}},"point_of_sale":{"country":{"code":"CA"},"city":{"code":"ORD"},"channel":"STANDARD"}}[0m
[32m[INFO][0m [35m[2025-09-02 12:54:44][0m [96mshop-json-object.ts:86[0m : [30mpassenger object is : [object Object],[object Object],[object Object][0m 
----------------------------------------------------------------------------------------
[32m[INFO][0m [35m[2025-09-02 12:54:44][0m [96mshop-json-object.ts:61[0m : [30mshop payload request is : [0m [38;5;141m{"request":{"origin_destinations_criteria":[{"origin_departure_criteria":{"date":{"month":9,"year":2025,"day":10},"airportCode":"SYD"},"destination_arrival_criteria":{"airportCode":"BNE"}}],"passengers":[{"passenger_type_code":"ADT","id":"PAX1"},{"passenger_type_code":"ADT","id":"PAX2"},{"passenger_type_code":"CNN","id":"PAX3"}],"requestType":"ADVCAL30","offer_criteria":{"program":{"programAccountIds":[]}},"currency":"EUR"},"sender":{"enabled_system":{"name":"POS"},"marketing_carrier":{"airline_designator_code":"VA"}},"point_of_sale":{"country":{"code":"CA"},"city":{"code":"ORD"},"channel":"STANDARD"}}[0m
----------------------------------------------------------------------------------------
[32m[INFO][0m [35m[2025-09-02 12:55:05][0m [96mshop-json-object.ts:86[0m : [30mpassenger object is : [object Object],[object Object],[object Object][0m 
-------------------------------------------------------------------------------------------------------------------------
[32m[INFO][0m [35m[2025-09-02 12:55:05][0m [96mshop-json-object.ts:61[0m : [30mshop payload request is : [0m [38;5;141m{"request":{"origin_destinations_criteria":[{"origin_departure_criteria":{"date":{"month":9,"year":2025,"day":10},"airportCode":"SYD"},"destination_arrival_criteria":{"airportCode":"BNE"}}],"passengers":[{"passenger_type_code":"ADT","id":"PAX1"},{"passenger_type_code":"ADT","id":"PAX2"},{"passenger_type_code":"CNN","id":"PAX3"}],"requestType":"ADVCAL30","offer_criteria":{"program":{"programAccountIds":[]}},"currency":"EUR"},"sender":{"enabled_system":{"name":"POS"},"marketing_carrier":{"airline_designator_code":"VA"}},"point_of_sale":{"country":{"code":"CA"},"city":{"code":"ORD"},"channel":"STANDARD"}}[0m
-------------------------------------------------------------------------------------------------------------------------
[32m[INFO][0m [35m[2025-09-02 12:55:22][0m [96mshop-json-object.ts:86[0m : [30mpassenger object is : [object Object],[object Object],[object Object][0m 
---------------------------------------------------------------------------------------------------------------------------------------------------
[32m[INFO][0m [35m[2025-09-02 12:55:22][0m [96mshop-json-object.ts:61[0m : [30mshop payload request is : [0m [38;5;141m{"request":{"origin_destinations_criteria":[{"origin_departure_criteria":{"date":{"month":9,"year":2025,"day":10},"airportCode":"SYD"},"destination_arrival_criteria":{"airportCode":"BNE"}}],"passengers":[{"passenger_type_code":"ADT","id":"PAX1"},{"passenger_type_code":"ADT","id":"PAX2"},{"passenger_type_code":"CNN","id":"PAX3"}],"requestType":"ADVCAL30","offer_criteria":{"program":{"programAccountIds":[]}},"currency":"EUR"},"sender":{"enabled_system":{"name":"POS"},"marketing_carrier":{"airline_designator_code":"VA"}},"point_of_sale":{"country":{"code":"CA"},"city":{"code":"ORD"},"channel":"STANDARD"}}[0m
---------------------------------------------------------------------------------------------------------------------------------------------------
